2025-04-22T20:28:19.533+04:00  INFO 23252 --- [cinema] [http-nio-8080-exec-3] aze.coders.cinema.config.LoggingFilter   : request method: GET, uri: /admin/cinemas/4, queryParams: null, headers: sec-fetch-site: same-origin, body: 
2025-04-22T20:28:19.534+04:00  INFO 23252 --- [cinema] [http-nio-8080-exec-3] aze.coders.cinema.config.LoggingFilter   : response status: 200, body: {"errorCode":"NOT_FOUND","message":null}
2025-04-22T20:29:22.255+04:00  INFO 23252 --- [cinema] [SpringApplicationShutdownHook] o.s.b.w.e.tomcat.GracefulShutdown        : Commencing graceful shutdown. Waiting for active requests to complete
2025-04-22T20:29:22.287+04:00  INFO 23252 --- [cinema] [tomcat-shutdown] o.s.b.w.e.tomcat.GracefulShutdown        : Graceful shutdown complete
2025-04-22T20:29:22.293+04:00  INFO 23252 --- [cinema] [SpringApplicationShutdownHook] j.LocalContainerEntityManagerFactoryBean : Closing JPA EntityManagerFactory for persistence unit 'default'
2025-04-22T20:29:22.297+04:00  INFO 23252 --- [cinema] [SpringApplicationShutdownHook] com.zaxxer.hikari.HikariDataSource       : HikariPool-1 - Shutdown initiated...
2025-04-22T20:29:22.308+04:00  INFO 23252 --- [cinema] [SpringApplicationShutdownHook] com.zaxxer.hikari.HikariDataSource       : HikariPool-1 - Shutdown completed.
2025-04-22T20:29:32.737+04:00  INFO 19892 --- [cinema] [main] aze.coders.cinema.CinemaApplication      : Starting CinemaApplication using Java 22.0.2 with PID 19892 (C:\Users\GHSalehova\IdeaProjects\cinema\cinema\target\classes started by GHSalehova in C:\Users\GHSalehova\IdeaProjects\cinema)
2025-04-22T20:29:32.744+04:00  INFO 19892 --- [cinema] [main] aze.coders.cinema.CinemaApplication      : The following 3 profiles are active: "db", "security", "logging"
2025-04-22T20:29:34.566+04:00  INFO 19892 --- [cinema] [main] .s.d.r.c.RepositoryConfigurationDelegate : Bootstrapping Spring Data JPA repositories in DEFAULT mode.
2025-04-22T20:29:34.831+04:00  INFO 19892 --- [cinema] [main] .s.d.r.c.RepositoryConfigurationDelegate : Finished Spring Data repository scanning in 250 ms. Found 5 JPA repository interfaces.
2025-04-22T20:29:36.447+04:00  INFO 19892 --- [cinema] [main] o.s.b.w.embedded.tomcat.TomcatWebServer  : Tomcat initialized with port 8080 (http)
2025-04-22T20:29:36.483+04:00  INFO 19892 --- [cinema] [main] o.apache.catalina.core.StandardService   : Starting service [Tomcat]
2025-04-22T20:29:36.483+04:00  INFO 19892 --- [cinema] [main] o.apache.catalina.core.StandardEngine    : Starting Servlet engine: [Apache Tomcat/10.1.39]
2025-04-22T20:29:36.586+04:00  INFO 19892 --- [cinema] [main] o.a.c.c.C.[Tomcat].[localhost].[/]       : Initializing Spring embedded WebApplicationContext
2025-04-22T20:29:36.587+04:00  INFO 19892 --- [cinema] [main] w.s.c.ServletWebServerApplicationContext : Root WebApplicationContext: initialization completed in 3699 ms
2025-04-22T20:29:37.014+04:00  INFO 19892 --- [cinema] [main] o.hibernate.jpa.internal.util.LogHelper  : HHH000204: Processing PersistenceUnitInfo [name: default]
2025-04-22T20:29:37.076+04:00  INFO 19892 --- [cinema] [main] org.hibernate.Version                    : HHH000412: Hibernate ORM core version 6.6.11.Final
2025-04-22T20:29:37.138+04:00  INFO 19892 --- [cinema] [main] o.h.c.internal.RegionFactoryInitiator    : HHH000026: Second-level cache disabled
2025-04-22T20:29:37.536+04:00  INFO 19892 --- [cinema] [main] o.s.o.j.p.SpringPersistenceUnitInfo      : No LoadTimeWeaver setup: ignoring JPA class transformer
2025-04-22T20:29:37.572+04:00  INFO 19892 --- [cinema] [main] com.zaxxer.hikari.HikariDataSource       : HikariPool-1 - Starting...
2025-04-22T20:29:38.397+04:00  INFO 19892 --- [cinema] [main] com.zaxxer.hikari.pool.HikariPool        : HikariPool-1 - Added connection org.postgresql.jdbc.PgConnection@6fa2a006
2025-04-22T20:29:38.414+04:00  INFO 19892 --- [cinema] [main] com.zaxxer.hikari.HikariDataSource       : HikariPool-1 - Start completed.
2025-04-22T20:29:38.779+04:00  INFO 19892 --- [cinema] [main] org.hibernate.orm.connections.pooling    : HHH10001005: Database info:
	Database JDBC URL [Connecting through datasource 'HikariDataSource (HikariPool-1)']
	Database driver: undefined/unknown
	Database version: 17.2
	Autocommit mode: undefined/unknown
	Isolation level: undefined/unknown
	Minimum pool size: undefined/unknown
	Maximum pool size: undefined/unknown
2025-04-22T20:29:41.971+04:00  INFO 19892 --- [cinema] [main] o.h.e.t.j.p.i.JtaPlatformInitiator       : HHH000489: No JTA platform available (set 'hibernate.transaction.jta.platform' to enable JTA platform integration)
2025-04-22T20:29:44.070+04:00  INFO 19892 --- [cinema] [main] j.LocalContainerEntityManagerFactoryBean : Initialized JPA EntityManagerFactory for persistence unit 'default'
2025-04-22T20:29:44.783+04:00  INFO 19892 --- [cinema] [main] r$InitializeUserDetailsManagerConfigurer : Global AuthenticationManager configured with UserDetailsService bean with name userServiceImpl
2025-04-22T20:29:45.333+04:00  WARN 19892 --- [cinema] [main] JpaBaseConfiguration$JpaWebConfiguration : spring.jpa.open-in-view is enabled by default. Therefore, database queries may be performed during view rendering. Explicitly configure spring.jpa.open-in-view to disable this warning
2025-04-22T20:29:46.000+04:00  INFO 19892 --- [cinema] [main] o.s.v.b.OptionalValidatorFactoryBean     : Failed to set up a Bean Validation provider: jakarta.validation.NoProviderFoundException: Unable to create a Configuration, because no Jakarta Bean Validation provider could be found. Add a provider like Hibernate Validator (RI) to your classpath.
2025-04-22T20:29:46.520+04:00  INFO 19892 --- [cinema] [main] o.s.b.w.embedded.tomcat.TomcatWebServer  : Tomcat started on port 8080 (http) with context path '/'
2025-04-22T20:29:46.530+04:00  INFO 19892 --- [cinema] [main] aze.coders.cinema.CinemaApplication      : Started CinemaApplication in 14.986 seconds (process running for 16.471)
2025-04-22T20:29:53.647+04:00  INFO 19892 --- [cinema] [http-nio-8080-exec-1] o.a.c.c.C.[Tomcat].[localhost].[/]       : Initializing Spring DispatcherServlet 'dispatcherServlet'
2025-04-22T20:29:53.647+04:00  INFO 19892 --- [cinema] [http-nio-8080-exec-1] o.s.web.servlet.DispatcherServlet        : Initializing Servlet 'dispatcherServlet'
2025-04-22T20:29:53.649+04:00  INFO 19892 --- [cinema] [http-nio-8080-exec-1] o.s.web.servlet.DispatcherServlet        : Completed initialization in 1 ms
2025-04-22T20:29:54.409+04:00  INFO 19892 --- [cinema] [http-nio-8080-exec-1] aze.coders.cinema.config.LoggingFilter   : request method: GET, uri: /admin/cinemas/4, queryParams: null, headers: cookie: JSESSIONID=5BB07176679D492CAAF89C6F7DFCD881; access-token=eyJ0eXAiOiJKV1QiLCJhbGciOiJIUzUxMiJ9.eyJzdWIiOiJhZG1pbiIsInByaW5jaXBhbCI6eyJpZCI6MiwidXNlcm5hbWUiOiJhZG1pbiIsInBhc3N3b3JkIjoiJDJhJDEwJGVMY2FzNnphdjNveWtIVXNIc0NrdWVXS2RXaDlmQkpmR3Fva1RBUmg0T0FVVVdhdFFRZGlhIiwiYWNjb3VudE5vbkV4cGlyZWQiOnRydWUsImFjY291bnROb25Mb2NrZWQiOnRydWUsImNyZWRlbnRpYWxzTm9uRXhwaXJlZCI6dHJ1ZSwiZW5hYmxlZCI6dHJ1ZSwiYXV0aG9yaXRpZXMiOlt7ImlkIjoxLCJhdXRob3JpdHkiOiJST0xFX1VTRVIifSx7ImlkIjoyLCJhdXRob3JpdHkiOiJST0xFX0FETUlOIn1dfSwiYXV0aG9yaXRpZXMiOlsiUk9MRV9VU0VSIiwiUk9MRV9BRE1JTiJdLCJpYXQiOjE3NDUzMzkxMTcsImV4cCI6MTc0NTMzOTQxN30.vrLTeoWSDB84lz1AM2Pm80hBb_CM-6MSozHB7X6p8b9wSH4AxpP9HbHwTswxILeyOjzjMU2yzBV8ZXgYALTh2w; refresh-token=a8f126ee-e394-47c1-9192-c53eeb87be91, body: 
2025-04-22T20:29:54.410+04:00  INFO 19892 --- [cinema] [http-nio-8080-exec-1] aze.coders.cinema.config.LoggingFilter   : response status: 200, body: 
2025-04-22T20:31:42.336+04:00 ERROR 19892 --- [cinema] [http-nio-8080-exec-4] o.a.c.c.C.[.[.[/].[dispatcherServlet]    : Servlet.service() for servlet [dispatcherServlet] in context with path [] threw exception

io.jsonwebtoken.ExpiredJwtException: JWT expired 85332 milliseconds ago at 2025-04-22T16:30:17.000Z. Current time: 2025-04-22T16:31:42.332Z. Allowed clock skew: 0 milliseconds.
	at io.jsonwebtoken.impl.DefaultJwtParser.parse(DefaultJwtParser.java:691) ~[jjwt-impl-0.12.6.jar:0.12.6]
	at io.jsonwebtoken.impl.DefaultJwtParser.parse(DefaultJwtParser.java:364) ~[jjwt-impl-0.12.6.jar:0.12.6]
	at io.jsonwebtoken.impl.DefaultJwtParser.parse(DefaultJwtParser.java:94) ~[jjwt-impl-0.12.6.jar:0.12.6]
	at io.jsonwebtoken.impl.io.AbstractParser.parse(AbstractParser.java:36) ~[jjwt-impl-0.12.6.jar:0.12.6]
	at io.jsonwebtoken.impl.io.AbstractParser.parse(AbstractParser.java:29) ~[jjwt-impl-0.12.6.jar:0.12.6]
	at io.jsonwebtoken.impl.DefaultJwtParser.parse(DefaultJwtParser.java:94) ~[jjwt-impl-0.12.6.jar:0.12.6]
	at aze.coders.cinema.service.impl.JwtServiceImpl.parseToken(JwtServiceImpl.java:43) ~[classes/:na]
	at aze.coders.cinema.config.JwtFilter.lambda$doFilterInternal$1(JwtFilter.java:39) ~[classes/:na]
	at java.base/java.util.Optional.ifPresent(Optional.java:178) ~[na:na]
	at aze.coders.cinema.config.JwtFilter.doFilterInternal(JwtFilter.java:37) ~[classes/:na]
	at org.springframework.web.filter.OncePerRequestFilter.doFilter(OncePerRequestFilter.java:116) ~[spring-web-6.2.5.jar:6.2.5]
	at org.springframework.security.web.FilterChainProxy$VirtualFilterChain.doFilter(FilterChainProxy.java:374) ~[spring-security-web-6.4.4.jar:6.4.4]
	at org.springframework.security.web.authentication.logout.LogoutFilter.doFilter(LogoutFilter.java:107) ~[spring-security-web-6.4.4.jar:6.4.4]
	at org.springframework.security.web.authentication.logout.LogoutFilter.doFilter(LogoutFilter.java:93) ~[spring-security-web-6.4.4.jar:6.4.4]
	at org.springframework.security.web.FilterChainProxy$VirtualFilterChain.doFilter(FilterChainProxy.java:374) ~[spring-security-web-6.4.4.jar:6.4.4]
	at org.springframework.security.web.header.HeaderWriterFilter.doHeadersAfter(HeaderWriterFilter.java:90) ~[spring-security-web-6.4.4.jar:6.4.4]
	at org.springframework.security.web.header.HeaderWriterFilter.doFilterInternal(HeaderWriterFilter.java:75) ~[spring-security-web-6.4.4.jar:6.4.4]
	at org.springframework.web.filter.OncePerRequestFilter.doFilter(OncePerRequestFilter.java:116) ~[spring-web-6.2.5.jar:6.2.5]
	at org.springframework.security.web.FilterChainProxy$VirtualFilterChain.doFilter(FilterChainProxy.java:374) ~[spring-security-web-6.4.4.jar:6.4.4]
	at org.springframework.security.web.context.SecurityContextHolderFilter.doFilter(SecurityContextHolderFilter.java:82) ~[spring-security-web-6.4.4.jar:6.4.4]
	at org.springframework.security.web.context.SecurityContextHolderFilter.doFilter(SecurityContextHolderFilter.java:69) ~[spring-security-web-6.4.4.jar:6.4.4]
	at org.springframework.security.web.FilterChainProxy$VirtualFilterChain.doFilter(FilterChainProxy.java:374) ~[spring-security-web-6.4.4.jar:6.4.4]
	at org.springframework.security.web.context.request.async.WebAsyncManagerIntegrationFilter.doFilterInternal(WebAsyncManagerIntegrationFilter.java:62) ~[spring-security-web-6.4.4.jar:6.4.4]
	at org.springframework.web.filter.OncePerRequestFilter.doFilter(OncePerRequestFilter.java:116) ~[spring-web-6.2.5.jar:6.2.5]
	at org.springframework.security.web.FilterChainProxy$VirtualFilterChain.doFilter(FilterChainProxy.java:374) ~[spring-security-web-6.4.4.jar:6.4.4]
	at org.springframework.security.web.session.DisableEncodeUrlFilter.doFilterInternal(DisableEncodeUrlFilter.java:42) ~[spring-security-web-6.4.4.jar:6.4.4]
	at org.springframework.web.filter.OncePerRequestFilter.doFilter(OncePerRequestFilter.java:116) ~[spring-web-6.2.5.jar:6.2.5]
	at org.springframework.security.web.FilterChainProxy$VirtualFilterChain.doFilter(FilterChainProxy.java:374) ~[spring-security-web-6.4.4.jar:6.4.4]
	at org.springframework.security.web.FilterChainProxy.doFilterInternal(FilterChainProxy.java:233) ~[spring-security-web-6.4.4.jar:6.4.4]
	at org.springframework.security.web.FilterChainProxy.doFilter(FilterChainProxy.java:191) ~[spring-security-web-6.4.4.jar:6.4.4]
	at org.springframework.web.filter.CompositeFilter$VirtualFilterChain.doFilter(CompositeFilter.java:113) ~[spring-web-6.2.5.jar:6.2.5]
	at org.springframework.web.servlet.handler.HandlerMappingIntrospector.lambda$createCacheFilter$3(HandlerMappingIntrospector.java:243) ~[spring-webmvc-6.2.5.jar:6.2.5]
	at org.springframework.web.filter.CompositeFilter$VirtualFilterChain.doFilter(CompositeFilter.java:113) ~[spring-web-6.2.5.jar:6.2.5]
	at org.springframework.web.filter.CompositeFilter.doFilter(CompositeFilter.java:74) ~[spring-web-6.2.5.jar:6.2.5]
	at org.springframework.security.config.annotation.web.configuration.WebMvcSecurityConfiguration$CompositeFilterChainProxy.doFilter(WebMvcSecurityConfiguration.java:238) ~[spring-security-config-6.4.4.jar:6.4.4]
	at org.springframework.web.filter.DelegatingFilterProxy.invokeDelegate(DelegatingFilterProxy.java:362) ~[spring-web-6.2.5.jar:6.2.5]
	at org.springframework.web.filter.DelegatingFilterProxy.doFilter(DelegatingFilterProxy.java:278) ~[spring-web-6.2.5.jar:6.2.5]
	at org.apache.catalina.core.ApplicationFilterChain.internalDoFilter(ApplicationFilterChain.java:164) ~[tomcat-embed-core-10.1.39.jar:10.1.39]
	at org.apache.catalina.core.ApplicationFilterChain.doFilter(ApplicationFilterChain.java:140) ~[tomcat-embed-core-10.1.39.jar:10.1.39]
	at org.springframework.web.filter.RequestContextFilter.doFilterInternal(RequestContextFilter.java:100) ~[spring-web-6.2.5.jar:6.2.5]
	at org.springframework.web.filter.OncePerRequestFilter.doFilter(OncePerRequestFilter.java:116) ~[spring-web-6.2.5.jar:6.2.5]
	at org.apache.catalina.core.ApplicationFilterChain.internalDoFilter(ApplicationFilterChain.java:164) ~[tomcat-embed-core-10.1.39.jar:10.1.39]
	at org.apache.catalina.core.ApplicationFilterChain.doFilter(ApplicationFilterChain.java:140) ~[tomcat-embed-core-10.1.39.jar:10.1.39]
	at org.springframework.web.filter.FormContentFilter.doFilterInternal(FormContentFilter.java:93) ~[spring-web-6.2.5.jar:6.2.5]
	at org.springframework.web.filter.OncePerRequestFilter.doFilter(OncePerRequestFilter.java:116) ~[spring-web-6.2.5.jar:6.2.5]
	at org.apache.catalina.core.ApplicationFilterChain.internalDoFilter(ApplicationFilterChain.java:164) ~[tomcat-embed-core-10.1.39.jar:10.1.39]
	at org.apache.catalina.core.ApplicationFilterChain.doFilter(ApplicationFilterChain.java:140) ~[tomcat-embed-core-10.1.39.jar:10.1.39]
	at org.springframework.web.filter.CharacterEncodingFilter.doFilterInternal(CharacterEncodingFilter.java:201) ~[spring-web-6.2.5.jar:6.2.5]
	at org.springframework.web.filter.OncePerRequestFilter.doFilter(OncePerRequestFilter.java:116) ~[spring-web-6.2.5.jar:6.2.5]
	at org.apache.catalina.core.ApplicationFilterChain.internalDoFilter(ApplicationFilterChain.java:164) ~[tomcat-embed-core-10.1.39.jar:10.1.39]
	at org.apache.catalina.core.ApplicationFilterChain.doFilter(ApplicationFilterChain.java:140) ~[tomcat-embed-core-10.1.39.jar:10.1.39]
	at org.apache.catalina.core.StandardWrapperValve.invoke(StandardWrapperValve.java:167) ~[tomcat-embed-core-10.1.39.jar:10.1.39]
	at org.apache.catalina.core.StandardContextValve.invoke(StandardContextValve.java:90) ~[tomcat-embed-core-10.1.39.jar:10.1.39]
	at org.apache.catalina.authenticator.AuthenticatorBase.invoke(AuthenticatorBase.java:483) ~[tomcat-embed-core-10.1.39.jar:10.1.39]
	at org.apache.catalina.core.StandardHostValve.invoke(StandardHostValve.java:115) ~[tomcat-embed-core-10.1.39.jar:10.1.39]
	at org.apache.catalina.valves.ErrorReportValve.invoke(ErrorReportValve.java:93) ~[tomcat-embed-core-10.1.39.jar:10.1.39]
	at org.apache.catalina.core.StandardEngineValve.invoke(StandardEngineValve.java:74) ~[tomcat-embed-core-10.1.39.jar:10.1.39]
	at org.apache.catalina.connector.CoyoteAdapter.service(CoyoteAdapter.java:344) ~[tomcat-embed-core-10.1.39.jar:10.1.39]
	at org.apache.coyote.http11.Http11Processor.service(Http11Processor.java:397) ~[tomcat-embed-core-10.1.39.jar:10.1.39]
	at org.apache.coyote.AbstractProcessorLight.process(AbstractProcessorLight.java:63) ~[tomcat-embed-core-10.1.39.jar:10.1.39]
	at org.apache.coyote.AbstractProtocol$ConnectionHandler.process(AbstractProtocol.java:905) ~[tomcat-embed-core-10.1.39.jar:10.1.39]
	at org.apache.tomcat.util.net.NioEndpoint$SocketProcessor.doRun(NioEndpoint.java:1743) ~[tomcat-embed-core-10.1.39.jar:10.1.39]
	at org.apache.tomcat.util.net.SocketProcessorBase.run(SocketProcessorBase.java:52) ~[tomcat-embed-core-10.1.39.jar:10.1.39]
	at org.apache.tomcat.util.threads.ThreadPoolExecutor.runWorker(ThreadPoolExecutor.java:1190) ~[tomcat-embed-core-10.1.39.jar:10.1.39]
	at org.apache.tomcat.util.threads.ThreadPoolExecutor$Worker.run(ThreadPoolExecutor.java:659) ~[tomcat-embed-core-10.1.39.jar:10.1.39]
	at org.apache.tomcat.util.threads.TaskThread$WrappingRunnable.run(TaskThread.java:63) ~[tomcat-embed-core-10.1.39.jar:10.1.39]
	at java.base/java.lang.Thread.run(Thread.java:1570) ~[na:na]

2025-04-22T20:32:15.543+04:00  INFO 19892 --- [cinema] [SpringApplicationShutdownHook] o.s.b.w.e.tomcat.GracefulShutdown        : Commencing graceful shutdown. Waiting for active requests to complete
2025-04-22T20:32:15.567+04:00  INFO 19892 --- [cinema] [tomcat-shutdown] o.s.b.w.e.tomcat.GracefulShutdown        : Graceful shutdown complete
2025-04-22T20:32:15.573+04:00  INFO 19892 --- [cinema] [SpringApplicationShutdownHook] j.LocalContainerEntityManagerFactoryBean : Closing JPA EntityManagerFactory for persistence unit 'default'
2025-04-22T20:32:15.578+04:00  INFO 19892 --- [cinema] [SpringApplicationShutdownHook] com.zaxxer.hikari.HikariDataSource       : HikariPool-1 - Shutdown initiated...
2025-04-22T20:32:15.601+04:00  INFO 19892 --- [cinema] [SpringApplicationShutdownHook] com.zaxxer.hikari.HikariDataSource       : HikariPool-1 - Shutdown completed.
2025-04-22T20:32:24.760+04:00  INFO 15156 --- [cinema] [main] aze.coders.cinema.CinemaApplication      : Starting CinemaApplication using Java 22.0.2 with PID 15156 (C:\Users\GHSalehova\IdeaProjects\cinema\cinema\target\classes started by GHSalehova in C:\Users\GHSalehova\IdeaProjects\cinema)
2025-04-22T20:32:24.773+04:00  INFO 15156 --- [cinema] [main] aze.coders.cinema.CinemaApplication      : The following 3 profiles are active: "db", "security", "logging"
2025-04-22T20:32:26.762+04:00  INFO 15156 --- [cinema] [main] .s.d.r.c.RepositoryConfigurationDelegate : Bootstrapping Spring Data JPA repositories in DEFAULT mode.
2025-04-22T20:32:26.875+04:00  INFO 15156 --- [cinema] [main] .s.d.r.c.RepositoryConfigurationDelegate : Finished Spring Data repository scanning in 102 ms. Found 5 JPA repository interfaces.
2025-04-22T20:32:27.722+04:00  INFO 15156 --- [cinema] [main] o.s.b.w.embedded.tomcat.TomcatWebServer  : Tomcat initialized with port 8080 (http)
2025-04-22T20:32:27.742+04:00  INFO 15156 --- [cinema] [main] o.apache.catalina.core.StandardService   : Starting service [Tomcat]
2025-04-22T20:32:27.743+04:00  INFO 15156 --- [cinema] [main] o.apache.catalina.core.StandardEngine    : Starting Servlet engine: [Apache Tomcat/10.1.39]
2025-04-22T20:32:27.834+04:00  INFO 15156 --- [cinema] [main] o.a.c.c.C.[Tomcat].[localhost].[/]       : Initializing Spring embedded WebApplicationContext
2025-04-22T20:32:27.835+04:00  INFO 15156 --- [cinema] [main] w.s.c.ServletWebServerApplicationContext : Root WebApplicationContext: initialization completed in 2792 ms
2025-04-22T20:32:28.192+04:00  INFO 15156 --- [cinema] [main] o.hibernate.jpa.internal.util.LogHelper  : HHH000204: Processing PersistenceUnitInfo [name: default]
2025-04-22T20:32:28.252+04:00  INFO 15156 --- [cinema] [main] org.hibernate.Version                    : HHH000412: Hibernate ORM core version 6.6.11.Final
2025-04-22T20:32:28.296+04:00  INFO 15156 --- [cinema] [main] o.h.c.internal.RegionFactoryInitiator    : HHH000026: Second-level cache disabled
2025-04-22T20:32:28.719+04:00  INFO 15156 --- [cinema] [main] o.s.o.j.p.SpringPersistenceUnitInfo      : No LoadTimeWeaver setup: ignoring JPA class transformer
2025-04-22T20:32:28.762+04:00  INFO 15156 --- [cinema] [main] com.zaxxer.hikari.HikariDataSource       : HikariPool-1 - Starting...
2025-04-22T20:32:29.238+04:00  INFO 15156 --- [cinema] [main] com.zaxxer.hikari.pool.HikariPool        : HikariPool-1 - Added connection org.postgresql.jdbc.PgConnection@15130002
2025-04-22T20:32:29.240+04:00  INFO 15156 --- [cinema] [main] com.zaxxer.hikari.HikariDataSource       : HikariPool-1 - Start completed.
2025-04-22T20:32:29.323+04:00  INFO 15156 --- [cinema] [main] org.hibernate.orm.connections.pooling    : HHH10001005: Database info:
	Database JDBC URL [Connecting through datasource 'HikariDataSource (HikariPool-1)']
	Database driver: undefined/unknown
	Database version: 17.2
	Autocommit mode: undefined/unknown
	Isolation level: undefined/unknown
	Minimum pool size: undefined/unknown
	Maximum pool size: undefined/unknown
2025-04-22T20:32:32.081+04:00  INFO 15156 --- [cinema] [main] o.h.e.t.j.p.i.JtaPlatformInitiator       : HHH000489: No JTA platform available (set 'hibernate.transaction.jta.platform' to enable JTA platform integration)
2025-04-22T20:32:34.412+04:00  INFO 15156 --- [cinema] [main] j.LocalContainerEntityManagerFactoryBean : Initialized JPA EntityManagerFactory for persistence unit 'default'
2025-04-22T20:32:34.971+04:00  INFO 15156 --- [cinema] [main] r$InitializeUserDetailsManagerConfigurer : Global AuthenticationManager configured with UserDetailsService bean with name userServiceImpl
2025-04-22T20:32:35.280+04:00  WARN 15156 --- [cinema] [main] JpaBaseConfiguration$JpaWebConfiguration : spring.jpa.open-in-view is enabled by default. Therefore, database queries may be performed during view rendering. Explicitly configure spring.jpa.open-in-view to disable this warning
2025-04-22T20:32:36.013+04:00  INFO 15156 --- [cinema] [main] o.s.v.b.OptionalValidatorFactoryBean     : Failed to set up a Bean Validation provider: jakarta.validation.NoProviderFoundException: Unable to create a Configuration, because no Jakarta Bean Validation provider could be found. Add a provider like Hibernate Validator (RI) to your classpath.
2025-04-22T20:32:36.791+04:00  INFO 15156 --- [cinema] [main] o.s.b.w.embedded.tomcat.TomcatWebServer  : Tomcat started on port 8080 (http) with context path '/'
2025-04-22T20:32:36.807+04:00  INFO 15156 --- [cinema] [main] aze.coders.cinema.CinemaApplication      : Started CinemaApplication in 12.835 seconds (process running for 14.088)
2025-04-22T20:32:52.161+04:00  INFO 15156 --- [cinema] [http-nio-8080-exec-1] o.a.c.c.C.[Tomcat].[localhost].[/]       : Initializing Spring DispatcherServlet 'dispatcherServlet'
2025-04-22T20:32:52.161+04:00  INFO 15156 --- [cinema] [http-nio-8080-exec-1] o.s.web.servlet.DispatcherServlet        : Initializing Servlet 'dispatcherServlet'
2025-04-22T20:32:52.163+04:00  INFO 15156 --- [cinema] [http-nio-8080-exec-1] o.s.web.servlet.DispatcherServlet        : Completed initialization in 1 ms
2025-04-22T20:32:53.404+04:00  INFO 15156 --- [cinema] [http-nio-8080-exec-1] aze.coders.cinema.config.LoggingFilter   : request method: POST, uri: /auth/sign-in, queryParams: null, headers: cookie: JSESSIONID=FB330570ACF3042BEBF972AFD6649FD2, body: 
2025-04-22T20:32:53.404+04:00  INFO 15156 --- [cinema] [http-nio-8080-exec-1] aze.coders.cinema.config.LoggingFilter   : response status: 204, body: 
2025-04-22T20:32:57.218+04:00  INFO 15156 --- [cinema] [http-nio-8080-exec-2] aze.coders.cinema.config.LoggingFilter   : request method: GET, uri: /error-messages/by-error-code, queryParams: errorCode=INTERNAL_SERVICE_ERROR, headers: cookie: JSESSIONID=FB330570ACF3042BEBF972AFD6649FD2; access-token=eyJ0eXAiOiJKV1QiLCJhbGciOiJIUzUxMiJ9.eyJzdWIiOiJhZG1pbiIsInByaW5jaXBhbCI6eyJpZCI6MiwidXNlcm5hbWUiOiJhZG1pbiIsInBhc3N3b3JkIjoiJDJhJDEwJGVMY2FzNnphdjNveWtIVXNIc0NrdWVXS2RXaDlmQkpmR3Fva1RBUmg0T0FVVVdhdFFRZGlhIiwiYWNjb3VudE5vbkV4cGlyZWQiOnRydWUsImFjY291bnROb25Mb2NrZWQiOnRydWUsImNyZWRlbnRpYWxzTm9uRXhwaXJlZCI6dHJ1ZSwiZW5hYmxlZCI6dHJ1ZSwiYXV0aG9yaXRpZXMiOlt7ImlkIjoxLCJhdXRob3JpdHkiOiJST0xFX1VTRVIifSx7ImlkIjoyLCJhdXRob3JpdHkiOiJST0xFX0FETUlOIn1dfSwiYXV0aG9yaXRpZXMiOlsiUk9MRV9VU0VSIiwiUk9MRV9BRE1JTiJdLCJpYXQiOjE3NDUzMzk1NzMsImV4cCI6MTc0NTM2OTU3M30.7PDwIOWQYWnmsr2z8SdMU4I5nK346jPQalTaf_VQr8zOacRpCQ-tFP6ZtfGD-95vRc4wqV6XuJ4cwYPL39Co_w; refresh-token=de3aa3f1-b317-448f-b789-0cbff2ffda3a, body: 
2025-04-22T20:32:57.223+04:00  INFO 15156 --- [cinema] [http-nio-8080-exec-2] aze.coders.cinema.config.LoggingFilter   : response status: 200, body: 
2025-04-22T20:36:03.187+04:00  INFO 15156 --- [cinema] [SpringApplicationShutdownHook] o.s.b.w.e.tomcat.GracefulShutdown        : Commencing graceful shutdown. Waiting for active requests to complete
2025-04-22T20:36:03.209+04:00  INFO 15156 --- [cinema] [tomcat-shutdown] o.s.b.w.e.tomcat.GracefulShutdown        : Graceful shutdown complete
2025-04-22T20:36:03.218+04:00  INFO 15156 --- [cinema] [SpringApplicationShutdownHook] j.LocalContainerEntityManagerFactoryBean : Closing JPA EntityManagerFactory for persistence unit 'default'
2025-04-22T20:36:03.223+04:00  INFO 15156 --- [cinema] [SpringApplicationShutdownHook] com.zaxxer.hikari.HikariDataSource       : HikariPool-1 - Shutdown initiated...
2025-04-22T20:36:03.235+04:00  INFO 15156 --- [cinema] [SpringApplicationShutdownHook] com.zaxxer.hikari.HikariDataSource       : HikariPool-1 - Shutdown completed.
2025-04-22T20:36:18.165+04:00  INFO 9464 --- [cinema] [main] aze.coders.cinema.CinemaApplication      : Starting CinemaApplication using Java 22.0.2 with PID 9464 (C:\Users\GHSalehova\IdeaProjects\cinema\cinema\target\classes started by GHSalehova in C:\Users\GHSalehova\IdeaProjects\cinema)
2025-04-22T20:36:18.171+04:00  INFO 9464 --- [cinema] [main] aze.coders.cinema.CinemaApplication      : The following 3 profiles are active: "db", "security", "logging"
2025-04-22T20:36:20.148+04:00  INFO 9464 --- [cinema] [main] .s.d.r.c.RepositoryConfigurationDelegate : Bootstrapping Spring Data JPA repositories in DEFAULT mode.
2025-04-22T20:36:20.360+04:00  INFO 9464 --- [cinema] [main] .s.d.r.c.RepositoryConfigurationDelegate : Finished Spring Data repository scanning in 190 ms. Found 5 JPA repository interfaces.
2025-04-22T20:36:21.730+04:00  INFO 9464 --- [cinema] [main] o.s.b.w.embedded.tomcat.TomcatWebServer  : Tomcat initialized with port 8080 (http)
2025-04-22T20:36:21.765+04:00  INFO 9464 --- [cinema] [main] o.apache.catalina.core.StandardService   : Starting service [Tomcat]
2025-04-22T20:36:21.766+04:00  INFO 9464 --- [cinema] [main] o.apache.catalina.core.StandardEngine    : Starting Servlet engine: [Apache Tomcat/10.1.39]
2025-04-22T20:36:21.897+04:00  INFO 9464 --- [cinema] [main] o.a.c.c.C.[Tomcat].[localhost].[/]       : Initializing Spring embedded WebApplicationContext
2025-04-22T20:36:21.898+04:00  INFO 9464 --- [cinema] [main] w.s.c.ServletWebServerApplicationContext : Root WebApplicationContext: initialization completed in 3529 ms
2025-04-22T20:36:22.386+04:00  INFO 9464 --- [cinema] [main] o.hibernate.jpa.internal.util.LogHelper  : HHH000204: Processing PersistenceUnitInfo [name: default]
2025-04-22T20:36:22.509+04:00  INFO 9464 --- [cinema] [main] org.hibernate.Version                    : HHH000412: Hibernate ORM core version 6.6.11.Final
2025-04-22T20:36:22.618+04:00  INFO 9464 --- [cinema] [main] o.h.c.internal.RegionFactoryInitiator    : HHH000026: Second-level cache disabled
2025-04-22T20:36:23.320+04:00  INFO 9464 --- [cinema] [main] o.s.o.j.p.SpringPersistenceUnitInfo      : No LoadTimeWeaver setup: ignoring JPA class transformer
2025-04-22T20:36:23.394+04:00  INFO 9464 --- [cinema] [main] com.zaxxer.hikari.HikariDataSource       : HikariPool-1 - Starting...
2025-04-22T20:36:23.986+04:00  INFO 9464 --- [cinema] [main] com.zaxxer.hikari.pool.HikariPool        : HikariPool-1 - Added connection org.postgresql.jdbc.PgConnection@8ce3f27
2025-04-22T20:36:23.990+04:00  INFO 9464 --- [cinema] [main] com.zaxxer.hikari.HikariDataSource       : HikariPool-1 - Start completed.
2025-04-22T20:36:24.155+04:00  INFO 9464 --- [cinema] [main] org.hibernate.orm.connections.pooling    : HHH10001005: Database info:
	Database JDBC URL [Connecting through datasource 'HikariDataSource (HikariPool-1)']
	Database driver: undefined/unknown
	Database version: 17.2
	Autocommit mode: undefined/unknown
	Isolation level: undefined/unknown
	Minimum pool size: undefined/unknown
	Maximum pool size: undefined/unknown
2025-04-22T20:36:27.426+04:00  INFO 9464 --- [cinema] [main] o.h.e.t.j.p.i.JtaPlatformInitiator       : HHH000489: No JTA platform available (set 'hibernate.transaction.jta.platform' to enable JTA platform integration)
2025-04-22T20:36:29.186+04:00  INFO 9464 --- [cinema] [main] j.LocalContainerEntityManagerFactoryBean : Initialized JPA EntityManagerFactory for persistence unit 'default'
2025-04-22T20:36:29.917+04:00  INFO 9464 --- [cinema] [main] r$InitializeUserDetailsManagerConfigurer : Global AuthenticationManager configured with UserDetailsService bean with name userServiceImpl
2025-04-22T20:36:30.299+04:00  WARN 9464 --- [cinema] [main] JpaBaseConfiguration$JpaWebConfiguration : spring.jpa.open-in-view is enabled by default. Therefore, database queries may be performed during view rendering. Explicitly configure spring.jpa.open-in-view to disable this warning
2025-04-22T20:36:31.780+04:00  INFO 9464 --- [cinema] [main] o.s.v.b.OptionalValidatorFactoryBean     : Failed to set up a Bean Validation provider: jakarta.validation.NoProviderFoundException: Unable to create a Configuration, because no Jakarta Bean Validation provider could be found. Add a provider like Hibernate Validator (RI) to your classpath.
2025-04-22T20:36:33.194+04:00  INFO 9464 --- [cinema] [main] o.s.b.w.embedded.tomcat.TomcatWebServer  : Tomcat started on port 8080 (http) with context path '/'
2025-04-22T20:36:33.214+04:00  INFO 9464 --- [cinema] [main] aze.coders.cinema.CinemaApplication      : Started CinemaApplication in 16.471 seconds (process running for 19.572)
2025-04-22T20:36:43.077+04:00  INFO 9464 --- [cinema] [http-nio-8080-exec-2] o.a.c.c.C.[Tomcat].[localhost].[/]       : Initializing Spring DispatcherServlet 'dispatcherServlet'
2025-04-22T20:36:43.079+04:00  INFO 9464 --- [cinema] [http-nio-8080-exec-2] o.s.web.servlet.DispatcherServlet        : Initializing Servlet 'dispatcherServlet'
2025-04-22T20:36:43.081+04:00  INFO 9464 --- [cinema] [http-nio-8080-exec-2] o.s.web.servlet.DispatcherServlet        : Completed initialization in 2 ms
2025-04-22T20:36:44.650+04:00  INFO 9464 --- [cinema] [http-nio-8080-exec-2] aze.coders.cinema.config.LoggingFilter   : request body: -1, requestWrapper: 
2025-04-22T20:36:44.650+04:00  INFO 9464 --- [cinema] [http-nio-8080-exec-2] aze.coders.cinema.config.LoggingFilter   : request method: POST, uri: /auth/sign-in, queryParams: null, headers: sec-fetch-site: same-origin, body: 
2025-04-22T20:36:44.651+04:00  INFO 9464 --- [cinema] [http-nio-8080-exec-2] aze.coders.cinema.config.LoggingFilter   : response status: 204, body: 
2025-04-22T20:40:21.217+04:00  INFO 9464 --- [cinema] [SpringApplicationShutdownHook] o.s.b.w.e.tomcat.GracefulShutdown        : Commencing graceful shutdown. Waiting for active requests to complete
2025-04-22T20:40:21.236+04:00  INFO 9464 --- [cinema] [tomcat-shutdown] o.s.b.w.e.tomcat.GracefulShutdown        : Graceful shutdown complete
2025-04-22T20:40:21.243+04:00  INFO 9464 --- [cinema] [SpringApplicationShutdownHook] j.LocalContainerEntityManagerFactoryBean : Closing JPA EntityManagerFactory for persistence unit 'default'
2025-04-22T20:40:21.246+04:00  INFO 9464 --- [cinema] [SpringApplicationShutdownHook] com.zaxxer.hikari.HikariDataSource       : HikariPool-1 - Shutdown initiated...
2025-04-22T20:40:21.253+04:00  INFO 9464 --- [cinema] [SpringApplicationShutdownHook] com.zaxxer.hikari.HikariDataSource       : HikariPool-1 - Shutdown completed.
